0 info it worked if it ends with ok
1 verbose cli [ 'node', '/usr/local/bin/npm', 'install', 'hexo-cli', '-g' ]
2 info using npm@2.11.3
3 info using node@v0.12.7
4 verbose install initial load of /usr/local/lib/package.json
5 verbose readDependencies loading dependencies from /usr/local/lib/package.json
6 silly cache add args [ 'hexo-cli', null ]
7 verbose cache add spec hexo-cli
8 silly cache add parsed spec { raw: 'hexo-cli',
8 silly cache add   scope: null,
8 silly cache add   name: 'hexo-cli',
8 silly cache add   rawSpec: '',
8 silly cache add   spec: '*',
8 silly cache add   type: 'range' }
9 silly addNamed hexo-cli@*
10 verbose addNamed "*" is a valid semver range for hexo-cli
11 silly addNameRange { name: 'hexo-cli', range: '*', hasData: false }
12 silly mapToRegistry name hexo-cli
13 silly mapToRegistry using default registry
14 silly mapToRegistry registry https://registry.npmjs.org/
15 silly mapToRegistry uri https://registry.npmjs.org/hexo-cli
16 verbose addNameRange registry:https://registry.npmjs.org/hexo-cli not in flight; fetching
17 verbose request uri https://registry.npmjs.org/hexo-cli
18 verbose request no auth needed
19 info attempt registry request try #1 at 9:23:08 PM
20 verbose request id e6d28c9a7bff7249
21 http request GET https://registry.npmjs.org/hexo-cli
22 http 200 https://registry.npmjs.org/hexo-cli
23 silly get cb [ 200,
23 silly get   { server: 'CouchDB/1.5.0 (Erlang OTP/R16B03)',
23 silly get     etag: '"8GPIIL9TMJ7642664SKQ52TI2"',
23 silly get     'content-type': 'application/json',
23 silly get     'cache-control': 'max-age=300',
23 silly get     'content-length': '24103',
23 silly get     'accept-ranges': 'bytes',
23 silly get     date: 'Sun, 17 Apr 2016 13:23:10 GMT',
23 silly get     via: '1.1 varnish',
23 silly get     age: '0',
23 silly get     connection: 'keep-alive',
23 silly get     'x-served-by': 'cache-itm7425-ITM',
23 silly get     'x-cache': 'HIT',
23 silly get     'x-cache-hits': '1',
23 silly get     'x-timer': 'S1460899389.341079,VS0,VE695',
23 silly get     vary: 'Accept-Encoding' } ]
24 verbose get saving hexo-cli to /Users/kenny/.npm/registry.npmjs.org/hexo-cli/.cache.json
25 silly addNameRange number 2 { name: 'hexo-cli', range: '*', hasData: true }
26 silly addNameRange versions [ 'hexo-cli',
26 silly addNameRange   [ '0.0.1',
26 silly addNameRange     '0.1.0',
26 silly addNameRange     '0.1.1',
26 silly addNameRange     '0.1.2',
26 silly addNameRange     '0.1.3',
26 silly addNameRange     '0.1.4',
26 silly addNameRange     '0.1.5',
26 silly addNameRange     '0.1.6',
26 silly addNameRange     '0.1.7',
26 silly addNameRange     '0.1.8',
26 silly addNameRange     '0.1.9',
26 silly addNameRange     '0.2.0',
26 silly addNameRange     '0.2.1',
26 silly addNameRange     '1.0.0',
26 silly addNameRange     '1.0.1' ] ]
27 silly addNamed hexo-cli@1.0.1
28 verbose addNamed "1.0.1" is a plain semver version for hexo-cli
29 silly mapToRegistry name hexo-cli
30 silly mapToRegistry using default registry
31 silly mapToRegistry registry https://registry.npmjs.org/
32 silly mapToRegistry uri https://registry.npmjs.org/hexo-cli
33 verbose addRemoteTarball https://registry.npmjs.org/hexo-cli/-/hexo-cli-1.0.1.tgz not in flight; adding
34 verbose addRemoteTarball [ 'https://registry.npmjs.org/hexo-cli/-/hexo-cli-1.0.1.tgz',
34 verbose addRemoteTarball   '8bcc28975ebaa636c8d9594868240727aadc734f' ]
35 info retry fetch attempt 1 at 9:23:10 PM
36 info attempt registry request try #1 at 9:23:10 PM
37 http fetch GET https://registry.npmjs.org/hexo-cli/-/hexo-cli-1.0.1.tgz
38 http fetch 200 https://registry.npmjs.org/hexo-cli/-/hexo-cli-1.0.1.tgz
39 silly fetchAndShaCheck shasum 8bcc28975ebaa636c8d9594868240727aadc734f
40 verbose addTmpTarball /var/folders/v0/_f23n97d4w50fpvhd9s0c1mm0000gn/T/npm-51755-13a21851/registry.npmjs.org/hexo-cli/-/hexo-cli-1.0.1.tgz not in flight; adding
41 verbose addTmpTarball already have metadata; skipping unpack for hexo-cli@1.0.1
42 silly cache afterAdd hexo-cli@1.0.1
43 verbose afterAdd /Users/kenny/.npm/hexo-cli/1.0.1/package/package.json not in flight; writing
44 verbose afterAdd /Users/kenny/.npm/hexo-cli/1.0.1/package/package.json written
45 silly install resolved [ { name: 'hexo-cli',
45 silly install resolved     version: '1.0.1',
45 silly install resolved     description: 'Command line interface for Hexo',
45 silly install resolved     main: 'lib/hexo',
45 silly install resolved     bin: { hexo: './bin/hexo' },
45 silly install resolved     scripts:
45 silly install resolved      { eslint: 'eslint .',
45 silly install resolved        jscs: 'jscs .',
45 silly install resolved        test: 'mocha test/index.js',
45 silly install resolved        'test-cov': 'istanbul cover --print both _mocha -- test/index.js' },
45 silly install resolved     directories: { lib: './lib', bin: './bin' },
45 silly install resolved     repository:
45 silly install resolved      { type: 'git',
45 silly install resolved        url: 'git+https://github.com/hexojs/hexo-cli.git' },
45 silly install resolved     homepage: 'https://hexo.io/',
45 silly install resolved     keywords: [ 'website', 'blog', 'cms', 'framework', 'hexo', 'cli' ],
45 silly install resolved     author:
45 silly install resolved      { name: 'Tommy Chen',
45 silly install resolved        email: 'tommy351@gmail.com',
45 silly install resolved        url: 'http://zespia.tw' },
45 silly install resolved     license: 'MIT',
45 silly install resolved     dependencies:
45 silly install resolved      { abbrev: '^1.0.7',
45 silly install resolved        bluebird: '^3.3.0',
45 silly install resolved        chalk: '^1.1.1',
45 silly install resolved        'hexo-fs': '^0.1.5',
45 silly install resolved        'hexo-log': '^0.1.1',
45 silly install resolved        'hexo-util': '^0.5.3',
45 silly install resolved        minimist: '^1.2.0',
45 silly install resolved        'object-assign': '^4.0.1',
45 silly install resolved        tildify: '^1.1.2' },
45 silly install resolved     devDependencies:
45 silly install resolved      { chai: '^3.5.0',
45 silly install resolved        'chai-as-promised': '^5.2.0',
45 silly install resolved        eslint: '^1.10.3',
45 silly install resolved        'eslint-config-hexo': '^1.0.2',
45 silly install resolved        'hexo-renderer-marked': '^0.2.9',
45 silly install resolved        istanbul: '^0.4.2',
45 silly install resolved        jscs: '^2.9.0',
45 silly install resolved        'jscs-preset-hexo': '^1.0.1',
45 silly install resolved        mocha: '^2.4.5',
45 silly install resolved        proxyquire: '^1.7.4',
45 silly install resolved        rewire: '^2.5.1',
45 silly install resolved        sinon: '^1.17.3' },
45 silly install resolved     gitHead: '477c381a33efef1bb1e52ef3c6f4943e46f2d99a',
45 silly install resolved     bugs: { url: 'https://github.com/hexojs/hexo-cli/issues' },
45 silly install resolved     _id: 'hexo-cli@1.0.1',
45 silly install resolved     _shasum: '8bcc28975ebaa636c8d9594868240727aadc734f',
45 silly install resolved     _from: 'hexo-cli@*',
45 silly install resolved     _npmVersion: '3.7.1',
45 silly install resolved     _nodeVersion: '4.3.0',
45 silly install resolved     _npmUser: { name: 'tommy351', email: 'tommy351@gmail.com' },
45 silly install resolved     dist:
45 silly install resolved      { shasum: '8bcc28975ebaa636c8d9594868240727aadc734f',
45 silly install resolved        tarball: 'https://registry.npmjs.org/hexo-cli/-/hexo-cli-1.0.1.tgz' },
45 silly install resolved     maintainers: [ [Object] ],
45 silly install resolved     _npmOperationalInternal:
45 silly install resolved      { host: 'packages-6-west.internal.npmjs.com',
45 silly install resolved        tmp: 'tmp/hexo-cli-1.0.1.tgz_1455272163444_0.3437555329874158' },
45 silly install resolved     _resolved: 'https://registry.npmjs.org/hexo-cli/-/hexo-cli-1.0.1.tgz' } ]
46 info install hexo-cli@1.0.1 into /usr/local/lib
47 info installOne hexo-cli@1.0.1
48 verbose installOne of hexo-cli to /usr/local/lib not in flight; installing
49 verbose lock using /Users/kenny/.npm/_locks/hexo-cli-d89d95637eeaa0d8.lock for /usr/local/lib/node_modules/hexo-cli
50 silly install write writing hexo-cli 1.0.1 to /usr/local/lib/node_modules/hexo-cli
51 verbose unbuild lib/node_modules/hexo-cli
52 silly gentlyRm /usr/local/lib/node_modules/hexo-cli is being purged from base /usr/local
53 verbose gentlyRm don't care about contents; nuking /usr/local/lib/node_modules/hexo-cli
54 verbose tar unpack /Users/kenny/.npm/hexo-cli/1.0.1/package.tgz
55 verbose tar unpacking to /usr/local/lib/node_modules/hexo-cli
56 silly gentlyRm /usr/local/lib/node_modules/hexo-cli is being purged
57 verbose gentlyRm don't care about contents; nuking /usr/local/lib/node_modules/hexo-cli
58 silly gunzTarPerm modes [ '755', '644' ]
59 error tar.unpack untar error /Users/kenny/.npm/hexo-cli/1.0.1/package.tgz
60 verbose unlock done using /Users/kenny/.npm/_locks/hexo-cli-d89d95637eeaa0d8.lock for /usr/local/lib/node_modules/hexo-cli
61 verbose fstream_path /usr/local/lib/node_modules/hexo-cli
62 verbose fstream_type Directory
63 verbose fstream_class DirWriter
64 verbose stack Error: EACCES, mkdir '/usr/local/lib/node_modules/hexo-cli'
64 verbose stack     at Error (native)
65 verbose fstream_stack /usr/local/lib/node_modules/npm/node_modules/fstream/lib/dir-writer.js:35:25
65 verbose fstream_stack /usr/local/lib/node_modules/npm/node_modules/mkdirp/index.js:47:53
65 verbose fstream_stack FSReqWrap.oncomplete (fs.js:95:15)
66 verbose cwd /Users/kenny/Desktop/GithubIO/github-page
67 error Darwin 15.2.0
68 error argv "node" "/usr/local/bin/npm" "install" "hexo-cli" "-g"
69 error node v0.12.7
70 error npm  v2.11.3
71 error path /usr/local/lib/node_modules/hexo-cli
72 error code EACCES
73 error errno -13
74 error Error: EACCES, mkdir '/usr/local/lib/node_modules/hexo-cli'
74 error     at Error (native)
74 error  { [Error: EACCES, mkdir '/usr/local/lib/node_modules/hexo-cli']
74 error   errno: -13,
74 error   code: 'EACCES',
74 error   path: '/usr/local/lib/node_modules/hexo-cli',
74 error   fstream_type: 'Directory',
74 error   fstream_path: '/usr/local/lib/node_modules/hexo-cli',
74 error   fstream_class: 'DirWriter',
74 error   fstream_stack:
74 error    [ '/usr/local/lib/node_modules/npm/node_modules/fstream/lib/dir-writer.js:35:25',
74 error      '/usr/local/lib/node_modules/npm/node_modules/mkdirp/index.js:47:53',
74 error      'FSReqWrap.oncomplete (fs.js:95:15)' ] }
75 error Please try running this command again as root/Administrator.
76 verbose exit [ -13, true ]
77 verbose unbuild lib/node_modules/hexo-cli
78 silly gentlyRm /usr/local/lib/node_modules/hexo-cli is being purged from base /usr/local
79 verbose gentlyRm don't care about contents; nuking /usr/local/lib/node_modules/hexo-cli
